<?xml version="1.0" encoding="UTF-8"?>
<!-- Generated by org.testng.reporters.JUnitReportReporter -->
<testsuite skipped="0" hostname="DESKTOP-JIPFL18" name="com.Zerocode.java.Test1" tests="1" failures="0" timestamp="2019-12-03T15:50:37 IST" time="32.213" errors="0">
  <testcase name="Testing" time="32.213" classname="com.Zerocode.java.Test1"/>
</testsuite> <!-- com.Zerocode.java.Test1 -->
